[2022-12-28 18:03:47Z INFO HostContext] No proxy settings were found based on environmental variables (http_proxy/https_proxy/HTTP_PROXY/HTTPS_PROXY)
[2022-12-28 18:03:47Z INFO HostContext] Well known directory 'Bin': '/Users/nn/Desktop/projects/6/actions-runner/bin'
[2022-12-28 18:03:47Z INFO HostContext] Well known directory 'Root': '/Users/nn/Desktop/projects/6/actions-runner'
[2022-12-28 18:03:47Z INFO HostContext] Well known config file 'Credentials': '/Users/nn/Desktop/projects/6/actions-runner/.credentials'
[2022-12-28 18:03:47Z INFO HostContext] Well known directory 'Bin': '/Users/nn/Desktop/projects/6/actions-runner/bin'
[2022-12-28 18:03:47Z INFO HostContext] Well known directory 'Root': '/Users/nn/Desktop/projects/6/actions-runner'
[2022-12-28 18:03:47Z INFO HostContext] Well known config file 'Runner': '/Users/nn/Desktop/projects/6/actions-runner/.runner'
[2022-12-28 18:03:47Z INFO Listener] Runner is built for OSX (X64) - osx-x64.
[2022-12-28 18:03:47Z INFO Listener] RuntimeInformation: Darwin 22.2.0 Darwin Kernel Version 22.2.0: Fri Nov 11 02:03:51 PST 2022; root:xnu-8792.61.2~4/RELEASE_ARM64_T6000.
[2022-12-28 18:03:47Z INFO Listener] Version: 2.299.1
[2022-12-28 18:03:47Z INFO Listener] Commit: 2e44f985bd9bf890dc061e654f6a850c6f1249cf
[2022-12-28 18:03:47Z INFO Listener] Culture: ru-RU
[2022-12-28 18:03:47Z INFO Listener] UI Culture: ru-RU
[2022-12-28 18:03:47Z INFO HostContext] Well known directory 'Bin': '/Users/nn/Desktop/projects/6/actions-runner/bin'
[2022-12-28 18:03:47Z INFO HostContext] Well known directory 'Root': '/Users/nn/Desktop/projects/6/actions-runner'
[2022-12-28 18:03:47Z INFO Listener] Validating directory permissions for: '/Users/nn/Desktop/projects/6/actions-runner'
[2022-12-28 18:03:47Z INFO CommandLineParser] Parse
[2022-12-28 18:03:47Z INFO CommandLineParser] Parsing 5 args
[2022-12-28 18:03:47Z INFO CommandLineParser] parsing argument
[2022-12-28 18:03:47Z INFO CommandLineParser] HasArgs: False
[2022-12-28 18:03:47Z INFO CommandLineParser] Adding Command: configure
[2022-12-28 18:03:47Z INFO CommandLineParser] parsing argument
[2022-12-28 18:03:47Z INFO CommandLineParser] HasArgs: True
[2022-12-28 18:03:47Z INFO CommandLineParser] arg: url
[2022-12-28 18:03:47Z INFO CommandLineParser] parsing argument
[2022-12-28 18:03:47Z INFO CommandLineParser] HasArgs: True
[2022-12-28 18:03:47Z INFO CommandLineParser] Adding option 'url': 'https://github.com/NikolayN-ru/gihubaction-react'
[2022-12-28 18:03:47Z INFO CommandLineParser] parsing argument
[2022-12-28 18:03:47Z INFO CommandLineParser] HasArgs: True
[2022-12-28 18:03:47Z INFO CommandLineParser] arg: token
[2022-12-28 18:03:47Z INFO CommandLineParser] parsing argument
[2022-12-28 18:03:47Z INFO CommandLineParser] HasArgs: True
[2022-12-28 18:03:47Z INFO CommandLineParser] Adding option 'token': '***'
[2022-12-28 18:03:47Z INFO Listener] Arguments parsed
[2022-12-28 18:03:47Z INFO Runner] ExecuteCommand
[2022-12-28 18:03:47Z INFO ConfigurationStore] currentAssemblyLocation: /Users/nn/Desktop/projects/6/actions-runner/bin/Runner.Listener.dll
[2022-12-28 18:03:47Z INFO HostContext] Well known directory 'Bin': '/Users/nn/Desktop/projects/6/actions-runner/bin'
[2022-12-28 18:03:47Z INFO ConfigurationStore] binPath: /Users/nn/Desktop/projects/6/actions-runner/bin
[2022-12-28 18:03:47Z INFO HostContext] Well known directory 'Bin': '/Users/nn/Desktop/projects/6/actions-runner/bin'
[2022-12-28 18:03:47Z INFO HostContext] Well known directory 'Root': '/Users/nn/Desktop/projects/6/actions-runner'
[2022-12-28 18:03:47Z INFO ConfigurationStore] RootFolder: /Users/nn/Desktop/projects/6/actions-runner
[2022-12-28 18:03:47Z INFO HostContext] Well known directory 'Bin': '/Users/nn/Desktop/projects/6/actions-runner/bin'
[2022-12-28 18:03:47Z INFO HostContext] Well known directory 'Root': '/Users/nn/Desktop/projects/6/actions-runner'
[2022-12-28 18:03:47Z INFO HostContext] Well known config file 'Runner': '/Users/nn/Desktop/projects/6/actions-runner/.runner'
[2022-12-28 18:03:47Z INFO ConfigurationStore] ConfigFilePath: /Users/nn/Desktop/projects/6/actions-runner/.runner
[2022-12-28 18:03:47Z INFO HostContext] Well known directory 'Bin': '/Users/nn/Desktop/projects/6/actions-runner/bin'
[2022-12-28 18:03:47Z INFO HostContext] Well known directory 'Root': '/Users/nn/Desktop/projects/6/actions-runner'
[2022-12-28 18:03:47Z INFO HostContext] Well known config file 'Credentials': '/Users/nn/Desktop/projects/6/actions-runner/.credentials'
[2022-12-28 18:03:47Z INFO ConfigurationStore] CredFilePath: /Users/nn/Desktop/projects/6/actions-runner/.credentials
[2022-12-28 18:03:47Z INFO HostContext] Well known directory 'Bin': '/Users/nn/Desktop/projects/6/actions-runner/bin'
[2022-12-28 18:03:47Z INFO HostContext] Well known directory 'Root': '/Users/nn/Desktop/projects/6/actions-runner'
[2022-12-28 18:03:47Z INFO HostContext] Well known config file 'MigratedCredentials': '/Users/nn/Desktop/projects/6/actions-runner/.credentials_migrated'
[2022-12-28 18:03:47Z INFO ConfigurationStore] MigratedCredFilePath: /Users/nn/Desktop/projects/6/actions-runner/.credentials_migrated
[2022-12-28 18:03:47Z INFO HostContext] Well known directory 'Bin': '/Users/nn/Desktop/projects/6/actions-runner/bin'
[2022-12-28 18:03:47Z INFO HostContext] Well known directory 'Root': '/Users/nn/Desktop/projects/6/actions-runner'
[2022-12-28 18:03:47Z INFO HostContext] Well known config file 'Service': '/Users/nn/Desktop/projects/6/actions-runner/.service'
[2022-12-28 18:03:47Z INFO ConfigurationStore] ServiceConfigFilePath: /Users/nn/Desktop/projects/6/actions-runner/.service
[2022-12-28 18:03:47Z INFO CommandSettings] Flag 'help': 'False'
[2022-12-28 18:03:47Z INFO CommandSettings] Flag 'version': 'False'
[2022-12-28 18:03:47Z INFO CommandSettings] Flag 'commit': 'False'
[2022-12-28 18:03:47Z INFO CommandSettings] Flag 'check': 'False'
[2022-12-28 18:03:47Z INFO CommandSettings] Command 'configure': 'True'
[2022-12-28 18:03:48Z INFO Terminal] WRITE LINE: 
[2022-12-28 18:03:48Z INFO Terminal] WRITE LINE: --------------------------------------------------------------------------------
[2022-12-28 18:03:48Z INFO Terminal] WRITE LINE: |        ____ _ _   _   _       _          _        _   _                      |
[2022-12-28 18:03:48Z INFO Terminal] WRITE LINE: |       / ___(_) |_| | | |_   _| |__      / \   ___| |_(_) ___  _ __  ___      |
[2022-12-28 18:03:48Z INFO Terminal] WRITE LINE: |      | |  _| | __| |_| | | | | '_ \    / _ \ / __| __| |/ _ \| '_ \/ __|     |
[2022-12-28 18:03:48Z INFO Terminal] WRITE LINE: |      | |_| | | |_|  _  | |_| | |_) |  / ___ \ (__| |_| | (_) | | | \__ \     |
[2022-12-28 18:03:48Z INFO Terminal] WRITE LINE: |       \____|_|\__|_| |_|\__,_|_.__/  /_/   \_\___|\__|_|\___/|_| |_|___/     |
[2022-12-28 18:03:48Z INFO Terminal] WRITE LINE: |                                                                              |
[2022-12-28 18:03:48Z INFO Terminal] WRITE: |                       
[2022-12-28 18:03:48Z INFO Terminal] WRITE: Self-hosted runner registration
[2022-12-28 18:03:48Z INFO Terminal] WRITE LINE:                         |
[2022-12-28 18:03:48Z INFO Terminal] WRITE LINE: |                                                                              |
[2022-12-28 18:03:48Z INFO Terminal] WRITE LINE: --------------------------------------------------------------------------------
[2022-12-28 18:03:48Z INFO ConfigurationManager] ConfigureAsync
[2022-12-28 18:03:48Z INFO CommandSettings] Flag 'generateServiceConfig': 'False'
[2022-12-28 18:03:48Z INFO ConfigurationStore] IsConfigured()
[2022-12-28 18:03:48Z INFO ConfigurationStore] IsConfigured: False
[2022-12-28 18:03:48Z INFO ConfigurationManager] Is configured: False
[2022-12-28 18:03:48Z INFO CommandSettings] Arg 'url': 'https://github.com/NikolayN-ru/gihubaction-react'
[2022-12-28 18:03:48Z INFO CommandSettings] Remove url from Arg dictionary.
[2022-12-28 18:03:48Z INFO CommandSettings] Arg 'token': '***'
[2022-12-28 18:03:48Z INFO CommandSettings] Remove token from Arg dictionary.
[2022-12-28 18:03:49Z INFO ConfigurationManager] Http response code: OK from 'POST https://api.github.com/actions/runner-registration'
[2022-12-28 18:03:50Z INFO ConfigurationManager] cred retrieved via GitHub auth
[2022-12-28 18:03:50Z INFO RunnerServer] EstablishVssConnection
[2022-12-28 18:03:50Z INFO RunnerServer] Establish connection with 100 seconds timeout.
[2022-12-28 18:03:50Z INFO GitHubActionsService] Starting operation Location.GetConnectionData
[2022-12-28 18:03:50Z INFO RunnerServer] EstablishVssConnection
[2022-12-28 18:03:50Z INFO RunnerServer] Establish connection with 60 seconds timeout.
[2022-12-28 18:03:50Z INFO GitHubActionsService] Starting operation Location.GetConnectionData
[2022-12-28 18:03:50Z INFO RunnerServer] EstablishVssConnection
[2022-12-28 18:03:50Z INFO RunnerServer] Establish connection with 60 seconds timeout.
[2022-12-28 18:03:50Z INFO GitHubActionsService] Starting operation Location.GetConnectionData
[2022-12-28 18:03:51Z INFO GitHubActionsService] Finished operation Location.GetConnectionData
[2022-12-28 18:03:51Z INFO GitHubActionsService] Finished operation Location.GetConnectionData
[2022-12-28 18:03:51Z INFO GitHubActionsService] Finished operation Location.GetConnectionData
[2022-12-28 18:03:51Z INFO Terminal] WRITE LINE: 
[2022-12-28 18:03:51Z INFO ConfigurationManager] Test Connection complete.
[2022-12-28 18:03:51Z INFO HostContext] Well known directory 'Bin': '/Users/nn/Desktop/projects/6/actions-runner/bin'
[2022-12-28 18:03:51Z INFO HostContext] Well known directory 'Root': '/Users/nn/Desktop/projects/6/actions-runner'
[2022-12-28 18:03:51Z INFO HostContext] Well known config file 'RSACredentials': '/Users/nn/Desktop/projects/6/actions-runner/.credentials_rsaparams'
[2022-12-28 18:03:51Z INFO RSAFileKeyManager] Creating new RSA key using 2048-bit key length
[2022-12-28 18:03:52Z INFO RSAFileKeyManager] Successfully saved RSA key parameters to file /Users/nn/Desktop/projects/6/actions-runner/.credentials_rsaparams
[2022-12-28 18:03:52Z INFO RSAFileKeyManager] Which: 'chmod'
[2022-12-28 18:03:52Z INFO RSAFileKeyManager] Location: '/bin/chmod'
[2022-12-28 18:03:52Z INFO HostContext] Well known directory 'Bin': '/Users/nn/Desktop/projects/6/actions-runner/bin'
[2022-12-28 18:03:52Z INFO HostContext] Well known directory 'Root': '/Users/nn/Desktop/projects/6/actions-runner'
[2022-12-28 18:03:52Z INFO ProcessInvokerWrapper] Starting process:
[2022-12-28 18:03:52Z INFO ProcessInvokerWrapper]   File name: '/bin/chmod'
[2022-12-28 18:03:52Z INFO ProcessInvokerWrapper]   Arguments: '600 /Users/nn/Desktop/projects/6/actions-runner/.credentials_rsaparams'
[2022-12-28 18:03:52Z INFO ProcessInvokerWrapper]   Working directory: '/Users/nn/Desktop/projects/6/actions-runner'
[2022-12-28 18:03:52Z INFO ProcessInvokerWrapper]   Require exit code zero: 'False'
[2022-12-28 18:03:52Z INFO ProcessInvokerWrapper]   Encoding web name:  ; code page: ''
[2022-12-28 18:03:52Z INFO ProcessInvokerWrapper]   Force kill process on cancellation: 'False'
[2022-12-28 18:03:52Z INFO ProcessInvokerWrapper]   Redirected STDIN: 'False'
[2022-12-28 18:03:52Z INFO ProcessInvokerWrapper]   Persist current code page: 'False'
[2022-12-28 18:03:52Z INFO ProcessInvokerWrapper]   Keep redirected STDIN open: 'False'
[2022-12-28 18:03:52Z INFO ProcessInvokerWrapper]   High priority process: 'False'
[2022-12-28 18:03:52Z INFO ProcessInvokerWrapper] Process started with process id 53654, waiting for process exit.
[2022-12-28 18:03:52Z INFO ProcessInvokerWrapper] STDOUT/STDERR stream read finished.
[2022-12-28 18:03:52Z INFO ProcessInvokerWrapper] STDOUT/STDERR stream read finished.
[2022-12-28 18:03:52Z INFO ProcessInvokerWrapper] Finished process 53654 with exit code 0, and elapsed time 00:00:00.1201291.
[2022-12-28 18:03:52Z INFO RSAFileKeyManager] Successfully set permissions for RSA key parameters file /Users/nn/Desktop/projects/6/actions-runner/.credentials_rsaparams
[2022-12-28 18:03:52Z INFO CommandSettings] Arg 'runnergroup': ''
[2022-12-28 18:03:52Z INFO CommandSettings] Flag 'unattended': 'False'
[2022-12-28 18:03:52Z INFO PromptManager] ReadValue
[2022-12-28 18:03:52Z INFO Terminal] WRITE: Enter the name of the runner group to add this runner to: 
[2022-12-28 18:03:52Z INFO Terminal] WRITE: [press Enter for Default] 
[2022-12-28 18:03:52Z INFO Terminal] READ LINE
[2022-12-28 18:04:00Z INFO Terminal] Read value: ''
[2022-12-28 18:04:00Z INFO PromptManager] Falling back to the default: 'Default'
[2022-12-28 18:04:00Z INFO Terminal] WRITE LINE: 
[2022-12-28 18:04:00Z INFO ConfigurationManager] Found a self-hosted runner group with id 1 and name Default
[2022-12-28 18:04:00Z INFO CommandSettings] Flag 'disableupdate': 'False'
[2022-12-28 18:04:00Z INFO CommandSettings] Flag 'ephemeral': 'False'
[2022-12-28 18:04:00Z INFO CommandSettings] Arg 'name': ''
[2022-12-28 18:04:00Z INFO CommandSettings] Flag 'unattended': 'False'
[2022-12-28 18:04:00Z INFO PromptManager] ReadValue
[2022-12-28 18:04:00Z INFO Terminal] WRITE: Enter the name of runner: 
[2022-12-28 18:04:00Z INFO Terminal] WRITE: [press Enter for MacBook-Pro-Nikolay] 
[2022-12-28 18:04:00Z INFO Terminal] READ LINE
[2022-12-28 18:04:17Z INFO Terminal] Read value: ''
[2022-12-28 18:04:17Z INFO PromptManager] Falling back to the default: 'MacBook-Pro-Nikolay'
[2022-12-28 18:04:17Z INFO Terminal] WRITE LINE: 
[2022-12-28 18:04:17Z INFO CommandSettings] Arg 'labels': ''
[2022-12-28 18:04:17Z INFO CommandSettings] Flag 'unattended': 'False'
[2022-12-28 18:04:17Z INFO PromptManager] ReadValue
[2022-12-28 18:04:17Z INFO Terminal] WRITE: This runner will have the following labels: 'self-hosted', 'macOS', 'X64' 
Enter any additional labels (ex. label-1,label-2): 
[2022-12-28 18:04:17Z INFO Terminal] WRITE: [press Enter to skip] 
[2022-12-28 18:04:17Z INFO Terminal] READ LINE
[2022-12-28 18:04:19Z INFO Terminal] Read value: ''
[2022-12-28 18:04:19Z INFO Terminal] WRITE LINE: 
[2022-12-28 18:04:19Z INFO CommandSettings] Flag 'disableupdate': 'False'
[2022-12-28 18:04:19Z INFO CommandSettings] Flag 'disableupdate': 'False'
[2022-12-28 18:04:19Z INFO CommandSettings] Flag 'ephemeral': 'False'
[2022-12-28 18:04:19Z INFO ConfigurationStore] Saving OAuth credential @ /Users/nn/Desktop/projects/6/actions-runner/.credentials
[2022-12-28 18:04:19Z INFO ConfigurationStore] Credentials Saved.
[2022-12-28 18:04:19Z INFO ConfigurationStore] HasCredentials()
[2022-12-28 18:04:19Z INFO ConfigurationStore] stored True
[2022-12-28 18:04:19Z INFO CredentialManager] GetCredentialProvider
[2022-12-28 18:04:19Z INFO CredentialManager] Creating type OAuth
[2022-12-28 18:04:19Z INFO CredentialManager] Creating credential type: OAuth
[2022-12-28 18:04:19Z INFO RSAFileKeyManager] Loading RSA key parameters from file /Users/nn/Desktop/projects/6/actions-runner/.credentials_rsaparams
[2022-12-28 18:04:20Z INFO RunnerServer] EstablishVssConnection
[2022-12-28 18:04:20Z INFO RunnerServer] Establish connection with 100 seconds timeout.
[2022-12-28 18:04:20Z INFO GitHubActionsService] Starting operation Location.GetConnectionData
[2022-12-28 18:04:20Z INFO RunnerServer] EstablishVssConnection
[2022-12-28 18:04:20Z INFO RunnerServer] Establish connection with 60 seconds timeout.
[2022-12-28 18:04:20Z INFO GitHubActionsService] Starting operation Location.GetConnectionData
[2022-12-28 18:04:20Z INFO RunnerServer] EstablishVssConnection
[2022-12-28 18:04:20Z INFO RunnerServer] Establish connection with 60 seconds timeout.
[2022-12-28 18:04:20Z INFO GitHubActionsService] Starting operation Location.GetConnectionData
[2022-12-28 18:04:20Z INFO GitHubActionsService] Finished operation Location.GetConnectionData
[2022-12-28 18:04:20Z INFO GitHubActionsService] Finished operation Location.GetConnectionData
[2022-12-28 18:04:20Z INFO GitHubActionsService] Finished operation Location.GetConnectionData
[2022-12-28 18:04:20Z INFO RSAFileKeyManager] Loading RSA key parameters from file /Users/nn/Desktop/projects/6/actions-runner/.credentials_rsaparams
[2022-12-28 18:04:20Z INFO RSAFileKeyManager] Loading RSA key parameters from file /Users/nn/Desktop/projects/6/actions-runner/.credentials_rsaparams
[2022-12-28 18:04:21Z INFO GitHubActionsService] AAD Correlation ID for this token request: Unknown
[2022-12-28 18:04:21Z INFO CommandSettings] Arg 'work': ''
[2022-12-28 18:04:21Z INFO CommandSettings] Flag 'unattended': 'False'
[2022-12-28 18:04:21Z INFO PromptManager] ReadValue
[2022-12-28 18:04:21Z INFO Terminal] WRITE: Enter name of work folder: 
[2022-12-28 18:04:21Z INFO Terminal] WRITE: [press Enter for _work] 
[2022-12-28 18:04:21Z INFO Terminal] READ LINE
[2022-12-28 18:04:22Z INFO Terminal] Read value: ''
[2022-12-28 18:04:22Z INFO PromptManager] Falling back to the default: '_work'
[2022-12-28 18:04:22Z INFO ConfigurationStore] Saving runner settings.
[2022-12-28 18:04:22Z INFO ConfigurationStore] Settings Saved.
[2022-12-28 18:04:22Z INFO Terminal] WRITE LINE: 
[2022-12-28 18:04:22Z INFO Terminal] WRITE LINE: 
[2022-12-28 18:04:22Z INFO OsxServiceControlManager] Service name 'actions.runner.NikolayN-ru-gihubaction-react.MacBook-Pro-Nikolay' display name 'GitHub Actions Runner (NikolayN-ru-gihubaction-react.MacBook-Pro-Nikolay)' will be used for service configuration.
[2022-12-28 18:04:22Z INFO HostContext] Well known directory 'Bin': '/Users/nn/Desktop/projects/6/actions-runner/bin'
[2022-12-28 18:04:22Z INFO HostContext] Well known directory 'Root': '/Users/nn/Desktop/projects/6/actions-runner'
[2022-12-28 18:04:22Z INFO HostContext] Well known directory 'Bin': '/Users/nn/Desktop/projects/6/actions-runner/bin'
[2022-12-28 18:04:22Z INFO HostContext] Well known directory 'Bin': '/Users/nn/Desktop/projects/6/actions-runner/bin'
[2022-12-28 18:04:22Z INFO HostContext] Well known directory 'Root': '/Users/nn/Desktop/projects/6/actions-runner'
[2022-12-28 18:04:22Z INFO UnixUtil] Which: 'chmod'
[2022-12-28 18:04:22Z INFO UnixUtil] Location: '/bin/chmod'
[2022-12-28 18:04:22Z INFO UnixUtil] Running /bin/chmod 755 "/Users/nn/Desktop/projects/6/actions-runner/svc.sh"
[2022-12-28 18:04:22Z INFO ProcessInvokerWrapper] Starting process:
[2022-12-28 18:04:22Z INFO ProcessInvokerWrapper]   File name: '/bin/chmod'
[2022-12-28 18:04:22Z INFO ProcessInvokerWrapper]   Arguments: '755 "/Users/nn/Desktop/projects/6/actions-runner/svc.sh"'
[2022-12-28 18:04:22Z INFO ProcessInvokerWrapper]   Working directory: '/Users/nn/Desktop/projects/6/actions-runner'
[2022-12-28 18:04:22Z INFO ProcessInvokerWrapper]   Require exit code zero: 'True'
[2022-12-28 18:04:22Z INFO ProcessInvokerWrapper]   Encoding web name:  ; code page: ''
[2022-12-28 18:04:22Z INFO ProcessInvokerWrapper]   Force kill process on cancellation: 'False'
[2022-12-28 18:04:22Z INFO ProcessInvokerWrapper]   Redirected STDIN: 'False'
[2022-12-28 18:04:22Z INFO ProcessInvokerWrapper]   Persist current code page: 'False'
[2022-12-28 18:04:22Z INFO ProcessInvokerWrapper]   Keep redirected STDIN open: 'False'
[2022-12-28 18:04:22Z INFO ProcessInvokerWrapper]   High priority process: 'False'
[2022-12-28 18:04:22Z INFO ProcessInvokerWrapper] Process started with process id 53790, waiting for process exit.
[2022-12-28 18:04:22Z INFO ProcessInvokerWrapper] STDOUT/STDERR stream read finished.
[2022-12-28 18:04:22Z INFO ProcessInvokerWrapper] STDOUT/STDERR stream read finished.
[2022-12-28 18:04:22Z INFO ProcessInvokerWrapper] Finished process 53790 with exit code 0, and elapsed time 00:00:00.0364601.
[2022-12-28 18:04:22Z INFO Listener] Runner execution has finished with return code 0
